android/app/build/intermediates/manifest_merge_blame_file/debug/manifest-merger-blame-debug-report.txt
1<?xml version="1.0" encoding="utf-8"?>
2<manifest xmlns:android="http://schemas.android.com/apk/res/android"
3    package="com.wbcheckpoint"
4    android:versionCode="1"
5    android:versionName="1.0" >
6
7    <uses-sdk
8        android:minSdkVersion="16"
9        android:targetSdkVersion="29" />
10
11    <uses-permission android:name="android.permission.SYSTEM_ALERT_WINDOW" />
11-->src\debug\AndroidManifest.xml:5:5-77
11-->src\debug\AndroidManifest.xml:5:22-75
12    <uses-permission android:name="android.permission.INTERNET" />
12-->src\main\AndroidManifest.xml:4:5-67
12-->src\main\AndroidManifest.xml:4:22-64
13    <uses-permission android:name="android.permission.ACCEPT_HANDOVER" />
13-->src\main\AndroidManifest.xml:5:5-74
13-->src\main\AndroidManifest.xml:5:22-71
14    <uses-permission android:name="android.permission.ACCESS_BACKGROUND_LOCATION" />
14-->src\main\AndroidManifest.xml:6:5-85
14-->src\main\AndroidManifest.xml:6:22-82
15    <uses-permission android:name="android.permission.ACCESS_COARSE_LOCATION" />
15-->src\main\AndroidManifest.xml:7:5-81
15-->src\main\AndroidManifest.xml:7:22-78
16    <uses-permission android:name="android.permission.ACCESS_FINE_LOCATION" />
16-->src\main\AndroidManifest.xml:8:5-79
16-->src\main\AndroidManifest.xml:8:22-76
17    <uses-permission android:name="android.permission.ACTIVITY_RECOGNITION" />
17-->src\main\AndroidManifest.xml:9:5-79
17-->src\main\AndroidManifest.xml:9:22-76
18    <uses-permission android:name="android.permission.ANSWER_PHONE_CALLS" />
18-->src\main\AndroidManifest.xml:10:5-77
18-->src\main\AndroidManifest.xml:10:22-74
19    <uses-permission android:name="android.permission.BODY_SENSORS" />
19-->src\main\AndroidManifest.xml:11:5-71
19-->src\main\AndroidManifest.xml:11:22-68
20    <uses-permission android:name="android.permission.CALL_PHONE" />
20-->src\main\AndroidManifest.xml:12:5-69
20-->src\main\AndroidManifest.xml:12:22-66
21    <uses-permission android:name="android.permission.CAMERA" />
21-->src\main\AndroidManifest.xml:13:5-65
21-->src\main\AndroidManifest.xml:13:22-62
22    <uses-permission android:name="android.permission.GET_ACCOUNTS" />
22-->src\main\AndroidManifest.xml:14:5-71
22-->src\main\AndroidManifest.xml:14:22-68
23    <uses-permission android:name="android.permission.PROCESS_OUTGOING_CALLS" />
23-->src\main\AndroidManifest.xml:15:5-81
23-->src\main\AndroidManifest.xml:15:22-78
24    <uses-permission android:name="android.permission.READ_CALENDAR" />
24-->src\main\AndroidManifest.xml:16:5-72
24-->src\main\AndroidManifest.xml:16:22-69
25    <uses-permission android:name="android.permission.READ_CALL_LOG" />
25-->src\main\AndroidManifest.xml:17:5-72
25-->src\main\AndroidManifest.xml:17:22-69
26    <uses-permission android:name="android.permission.READ_CONTACTS" />
26-->src\main\AndroidManifest.xml:18:5-72
26-->src\main\AndroidManifest.xml:18:22-69
27    <uses-permission android:name="android.permission.READ_EXTERNAL_STORAGE" />
27-->src\main\AndroidManifest.xml:19:5-80
27-->src\main\AndroidManifest.xml:19:22-77
28    <uses-permission android:name="android.permission.READ_PHONE_NUMBERS" />
28-->src\main\AndroidManifest.xml:20:5-77
28-->src\main\AndroidManifest.xml:20:22-74
29    <uses-permission android:name="android.permission.READ_PHONE_STATE" />
29-->src\main\AndroidManifest.xml:21:5-75
29-->src\main\AndroidManifest.xml:21:22-72
30    <uses-permission android:name="android.permission.READ_SMS" />
30-->src\main\AndroidManifest.xml:22:5-67
30-->src\main\AndroidManifest.xml:22:22-64
31    <uses-permission android:name="android.permission.RECEIVE_MMS" />
31-->src\main\AndroidManifest.xml:23:5-70
31-->src\main\AndroidManifest.xml:23:22-67
32    <uses-permission android:name="android.permission.RECEIVE_SMS" />
32-->src\main\AndroidManifest.xml:24:5-70
32-->src\main\AndroidManifest.xml:24:22-67
33    <uses-permission android:name="android.permission.RECEIVE_WAP_PUSH" />
33-->src\main\AndroidManifest.xml:25:5-75
33-->src\main\AndroidManifest.xml:25:22-72
34    <uses-permission android:name="android.permission.RECORD_AUDIO" />
34-->src\main\AndroidManifest.xml:26:5-71
34-->src\main\AndroidManifest.xml:26:22-68
35    <uses-permission android:name="android.permission.SEND_SMS" />
35-->src\main\AndroidManifest.xml:27:5-67
35-->src\main\AndroidManifest.xml:27:22-64
36    <uses-permission android:name="android.permission.VIBRATE" />
36-->src\main\AndroidManifest.xml:28:5-65
36-->src\main\AndroidManifest.xml:28:22-63
37    <uses-permission android:name="android.permission.USE_SIP" />
37-->src\main\AndroidManifest.xml:29:5-66
37-->src\main\AndroidManifest.xml:29:22-63
38    <uses-permission android:name="android.permission.WRITE_CALENDAR" />
38-->src\main\AndroidManifest.xml:30:5-73
38-->src\main\AndroidManifest.xml:30:22-70
39    <uses-permission android:name="android.permission.WRITE_CALL_LOG" />
39-->src\main\AndroidManifest.xml:31:5-73
39-->src\main\AndroidManifest.xml:31:22-70
40    <uses-permission android:name="android.permission.WRITE_CONTACTS" />
40-->src\main\AndroidManifest.xml:32:5-73
40-->src\main\AndroidManifest.xml:32:22-70
41    <uses-permission android:name="android.permission.WRITE_EXTERNAL_STORAGE" />
41-->src\main\AndroidManifest.xml:33:5-81
41-->src\main\AndroidManifest.xml:33:22-78
42    <uses-permission android:name="com.android.voicemail.permission.ADD_VOICEMAIL" />
42-->src\main\AndroidManifest.xml:34:5-86
42-->src\main\AndroidManifest.xml:34:22-83
43    <uses-permission android:name="android.permission.ACCESS_WIFI_STATE" />
43-->[com.facebook.flipper:flipper:0.54.0] AndroidManifest.xml:16:5-76
43-->[com.facebook.flipper:flipper:0.54.0] AndroidManifest.xml:16:22-73
44
45    <uses-feature
45-->[:react-native-camera] AndroidManifest.xml:11:5-13:36
46        android:name="android.hardware.camera"
46-->[:react-native-camera] AndroidManifest.xml:12:9-47
47        android:required="false" />
47-->[:react-native-camera] AndroidManifest.xml:13:9-33
48    <uses-feature
48-->[:react-native-camera] AndroidManifest.xml:14:5-16:36
49        android:name="android.hardware.camera.autofocus"
49-->[:react-native-camera] AndroidManifest.xml:15:9-57
50        android:required="false" />
50-->[:react-native-camera] AndroidManifest.xml:16:9-33
51
52    <uses-permission android:name="android.permission.USE_FINGERPRINT" />
52-->[:react-native-secure-storage] AndroidManifest.xml:11:5-74
52-->[:react-native-secure-storage] AndroidManifest.xml:11:22-71
53
54    <application
54-->src\main\AndroidManifest.xml:37:5-56:19
55        android:name="com.wbcheckpoint.MainApplication"
55-->src\main\AndroidManifest.xml:38:7-38
56        android:allowBackup="false"
56-->src\main\AndroidManifest.xml:42:7-34
57        android:appComponentFactory="androidx.core.app.CoreComponentFactory"
57-->[androidx.core:core:1.1.0] AndroidManifest.xml:24:18-86
58        android:debuggable="true"
59        android:icon="@mipmap/ic_launcher"
59-->src\main\AndroidManifest.xml:40:7-41
60        android:label="@string/app_name"
60-->src\main\AndroidManifest.xml:39:7-39
61        android:roundIcon="@mipmap/ic_launcher_round"
61-->src\main\AndroidManifest.xml:41:7-52
62        android:theme="@style/AppTheme"
62-->src\main\AndroidManifest.xml:43:7-38
63        android:usesCleartextTraffic="true" >
63-->src\debug\AndroidManifest.xml:7:18-53
64        <activity
64-->src\main\AndroidManifest.xml:44:7-54:18
65            android:name="com.wbcheckpoint.MainActivity"
65-->src\main\AndroidManifest.xml:45:9-37
66            android:configChanges="keyboard|keyboardHidden|orientation|screenSize|uiMode"
66-->src\main\AndroidManifest.xml:47:9-86
67            android:label="@string/app_name"
67-->src\main\AndroidManifest.xml:46:9-41
68            android:launchMode="singleTask"
68-->src\main\AndroidManifest.xml:48:9-40
69            android:windowSoftInputMode="adjustResize" >
69-->src\main\AndroidManifest.xml:49:9-51
70            <intent-filter>
70-->src\main\AndroidManifest.xml:50:9-53:25
71                <action android:name="android.intent.action.MAIN" />
71-->src\main\AndroidManifest.xml:51:13-65
71-->src\main\AndroidManifest.xml:51:21-62
72
73                <category android:name="android.intent.category.LAUNCHER" />
73-->src\main\AndroidManifest.xml:52:13-73
73-->src\main\AndroidManifest.xml:52:23-70
74            </intent-filter>
75        </activity>
76        <activity android:name="com.facebook.react.devsupport.DevSettingsActivity" />
76-->src\main\AndroidManifest.xml:55:7-84
76-->src\main\AndroidManifest.xml:55:17-81
77        <activity
77-->[com.google.android.gms:play-services-base:16.0.1] AndroidManifest.xml:23:9-26:75
78            android:name="com.google.android.gms.common.api.GoogleApiActivity"
78-->[com.google.android.gms:play-services-base:16.0.1] AndroidManifest.xml:24:13-79
79            android:exported="false"
79-->[com.google.android.gms:play-services-base:16.0.1] AndroidManifest.xml:25:13-37
80            android:theme="@android:style/Theme.Translucent.NoTitleBar" />
80-->[com.google.android.gms:play-services-base:16.0.1] AndroidManifest.xml:26:13-72
81
82        <meta-data
82-->[com.google.android.gms:play-services-basement:16.1.0] AndroidManifest.xml:23:9-25:69
83            android:name="com.google.android.gms.version"
83-->[com.google.android.gms:play-services-basement:16.1.0] AndroidManifest.xml:24:13-58
84            android:value="@integer/google_play_services_version" />
84-->[com.google.android.gms:play-services-basement:16.1.0] AndroidManifest.xml:25:13-66
85        <meta-data
85-->[com.github.bumptech.glide:okhttp3-integration:4.11.0] AndroidManifest.xml:11:9-13:43
86            android:name="com.bumptech.glide.integration.okhttp3.OkHttpGlideModule"
86-->[com.github.bumptech.glide:okhttp3-integration:4.11.0] AndroidManifest.xml:12:13-84
87            android:value="GlideModule" />
87-->[com.github.bumptech.glide:okhttp3-integration:4.11.0] AndroidManifest.xml:13:13-40
88    </application>
89
90</manifest>